Loading Init method
opening browser :chrome
openning website:https://phptravels.org/index.php?rp=/login
login ID enteredinputEmail
password enteredpassword
clicked rememvber check box!rememberme
Loading Init method
opening browser :chrome
openning website:https://phptravels.org/index.php?rp=/login
login ID enteredinputEmail
password enteredpassword
clicked rememvber check box!rememberme
clicking ellement  :#login
Loading Init method
opening browser :chrome
openning website:https://phptravels.org/index.php?rp=/login
login ID enteredinputEmail
password enteredpassword
clicked rememvber check box!rememberme
clicking ellement  :#login
--------------END---------
Loading Init method
opening browser :chrome
openning website:https://phptravels.org/index.php?rp=/login
login ID enteredinputEmail
password enteredpassword
clicked rememvber check box!rememberme
clicking ellement  :#login
--------------END---------
